Arguments: 
  /Users/ondrejcizek/.nvm/versions/node/v16.14.2/bin/node /Users/ondrejcizek/.nvm/versions/node/v16.14.2/bin/yarn add dotenv --dev

PATH: 
  /Users/ondrejcizek/.nvm/versions/node/v16.14.2/bin:/opt/homebrew/sbin:/opt/homebrew/bin:/usr/local/bin:/System/Cryptexes/App/usr/bin:/usr/bin:/bin:/usr/sbin:/sbin:/Applications/VMware Fusion.app/Contents/Public:/usr/local/go/bin:/Library/Apple/usr/bin

Yarn version: 
  1.22.19

Node version: 
  16.14.2

Platform: 
  darwin arm64

Trace: 
  Error: ENOENT: no such file or directory, copyfile '/Users/ondrejcizek/Library/Caches/Yarn/v6/npm-estraverse-4.3.0-398ad3f3c5a24948be7725e83d11a7de28cdbd1d-integrity/node_modules/estraverse/.jshintrc' -> '/Users/ondrejcizek/www/fantastic-broccoli/node_modules/@typescript-eslint/utils/node_modules/estraverse/.jshintrc'

npm manifest: 
  {
      "name": "fantastic-broccoli",
      "version": "0.0.1",
      "private": true,
      "scripts": {
          "dev": "vite dev",
          "build": "vite build",
          "preview": "vite preview",
          "check": "svelte-kit sync && svelte-check --tsconfig ./tsconfig.json",
          "check:watch": "svelte-kit sync && svelte-check --tsconfig ./tsconfig.json --watch",
          "lint": "prettier --plugin-search-dir . --check . && eslint .",
          "format": "prettier --plugin-search-dir . --write .",
          "seedDb": "node ./seedDb.js"
      },
      "devDependencies": {
          "@sveltejs/adapter-auto": "^1.0.2",
          "@sveltejs/kit": "^1.2.2",
          "@sveltejs/vite-plugin-svelte": "^2.0.2",
          "@typescript-eslint/eslint-plugin": "^5.48.2",
          "@typescript-eslint/parser": "^5.48.2",
          "autoprefixer": "^10.4.13",
          "date-fns": "^2.29.3",
          "eslint": "^8.32.0",
          "eslint-config-prettier": "^8.6.0",
          "eslint-plugin-svelte3": "^4.0.0",
          "postcss": "^8.4.21",
          "prettier": "^2.8.3",
          "prettier-plugin-svelte": "^2.9.0",
          "prettier-plugin-tailwindcss": "^0.2.1",
          "stylus": "^0.55.0",
          "svelte": "^3.55.1",
          "svelte-check": "^2.10.3",
          "svelte-preprocess": "^5.0.1",
          "tailwindcss": "^3.2.4",
          "tslib": "^2.4.1",
          "typescript": "^4.9.4",
          "vite": "^4.0.4"
      },
      "type": "module",
      "dependencies": {
          "@supabase/supabase-js": "^2.4.1",
          "@types/uuid": "^9.0.0",
          "dotenv": "^16.0.3",
          "svelte-markdown": "^0.2.3",
          "uuid": "^9.0.0"
      }
  }

yarn manifest: 
  No manifest

Lockfile: 
  No lockfile
